<?xml version="1.0" encoding="UTF-8"?>
<!-- Generated by org.testng.reporters.JUnitReportReporter -->
<testsuite hostname="DESKTOP-VR9MR8Q" failures="0" tests="1" name="tests.newt" time="3.989" errors="0" timestamp="2023-01-02T12:49:45 EST" skipped="0">
  <testcase classname="tests.newt" name="amazontest" time="3.989"/>
  <system-out/>
</testsuite> <!-- tests.newt -->
